Determining if the pthread_create exist failed with the following output:
Change Dir: /home/lukasz/catkin_interfejs/build/CMakeFiles/CMakeTmp

Run Build Command:"/usr/bin/make" "cmTC_4efa7/fast"
/usr/bin/make -f CMakeFiles/cmTC_4efa7.dir/build.make CMakeFiles/cmTC_4efa7.dir/build
make[1]: Wejście do katalogu `/home/lukasz/catkin_interfejs/build/CMakeFiles/CMakeTmp'
Building C object CMakeFiles/cmTC_4efa7.dir/CheckSymbolExists.c.o
/usr/bin/cc     -o CMakeFiles/cmTC_4efa7.dir/CheckSymbolExists.c.o   -c /home/lukasz/catkin_interfejs/build/CMakeFiles/CMakeTmp/CheckSymbolExists.c
Linking C executable cmTC_4efa7
/usr/bin/cmake -E cmake_link_script CMakeFiles/cmTC_4efa7.dir/link.txt --verbose=1
/usr/bin/cc       CMakeFiles/cmTC_4efa7.dir/CheckSymbolExists.c.o  -o cmTC_4efa7 -rdynamic 
CMakeFiles/cmTC_4efa7.dir/CheckSymbolExists.c.o: In function `main':
CheckSymbolExists.c:(.text+0x16): undefined reference to `pthread_create'
collect2: error: ld returned 1 exit status
make[1]: *** [cmTC_4efa7] Błąd 1
make[1]: Opuszczenie katalogu `/home/lukasz/catkin_interfejs/build/CMakeFiles/CMakeTmp'
make: *** [cmTC_4efa7/fast] Błąd 2

File /home/lukasz/catkin_interfejs/build/CMakeFiles/CMakeTmp/CheckSymbolExists.c:
/* */
#include <pthread.h>

int main(int argc, char** argv)
{
  (void)argv;
#ifndef pthread_create
  return ((int*)(&pthread_create))[argc];
#else
  (void)argc;
  return 0;
#endif
}

Determining if the function pthread_create exists in the pthreads failed with the following output:
Change Dir: /home/lukasz/catkin_interfejs/build/CMakeFiles/CMakeTmp

Run Build Command:"/usr/bin/make" "cmTC_93cc5/fast"
/usr/bin/make -f CMakeFiles/cmTC_93cc5.dir/build.make CMakeFiles/cmTC_93cc5.dir/build
make[1]: Wejście do katalogu `/home/lukasz/catkin_interfejs/build/CMakeFiles/CMakeTmp'
Building C object CMakeFiles/cmTC_93cc5.dir/CheckFunctionExists.c.o
/usr/bin/cc    -DCHECK_FUNCTION_EXISTS=pthread_create   -o CMakeFiles/cmTC_93cc5.dir/CheckFunctionExists.c.o   -c /usr/share/cmake-3.5/Modules/CheckFunctionExists.c
Linking C executable cmTC_93cc5
/usr/bin/cmake -E cmake_link_script CMakeFiles/cmTC_93cc5.dir/link.txt --verbose=1
/usr/bin/cc   -DCHECK_FUNCTION_EXISTS=pthread_create    CMakeFiles/cmTC_93cc5.dir/CheckFunctionExists.c.o  -o cmTC_93cc5 -rdynamic -lpthreads 
/usr/bin/ld: cannot find -lpthreads
collect2: error: ld returned 1 exit status
make[1]: *** [cmTC_93cc5] Błąd 1
make[1]: Opuszczenie katalogu `/home/lukasz/catkin_interfejs/build/CMakeFiles/CMakeTmp'
make: *** [cmTC_93cc5/fast] Błąd 2


Determining if the Q_WS_WIN exist failed with the following output:
Change Dir: /home/lukasz/catkin_interfejs/build/CMakeFiles/CMakeTmp

Run Build Command:"/usr/bin/make" "cmTC_aea0e/fast"
make[1]: Entering directory `/home/lukasz/catkin_interfejs/build/CMakeFiles/CMakeTmp'
/usr/bin/make -f CMakeFiles/cmTC_aea0e.dir/build.make CMakeFiles/cmTC_aea0e.dir/build
make[2]: Entering directory `/home/lukasz/catkin_interfejs/build/CMakeFiles/CMakeTmp'
Building CXX object CMakeFiles/cmTC_aea0e.dir/CheckSymbolExists.cxx.o
/usr/bin/c++    -I/usr/include/qt4  -std=c++11    -o CMakeFiles/cmTC_aea0e.dir/CheckSymbolExists.cxx.o -c /home/lukasz/catkin_interfejs/build/CMakeFiles/CMakeTmp/CheckSymbolExists.cxx
/home/lukasz/catkin_interfejs/build/CMakeFiles/CMakeTmp/CheckSymbolExists.cxx: In function 'int main(int, char**)':
/home/lukasz/catkin_interfejs/build/CMakeFiles/CMakeTmp/CheckSymbolExists.cxx:8:19: error: 'Q_WS_WIN' was not declared in this scope
   return ((int*)(&Q_WS_WIN))[argc];
                   ^
make[2]: *** [CMakeFiles/cmTC_aea0e.dir/CheckSymbolExists.cxx.o] Error 1
make[2]: Leaving directory `/home/lukasz/catkin_interfejs/build/CMakeFiles/CMakeTmp'
make[1]: *** [cmTC_aea0e/fast] Error 2
make[1]: Leaving directory `/home/lukasz/catkin_interfejs/build/CMakeFiles/CMakeTmp'

File /home/lukasz/catkin_interfejs/build/CMakeFiles/CMakeTmp/CheckSymbolExists.cxx:
/* */
#include <QtCore/qglobal.h>

int main(int argc, char** argv)
{
  (void)argv;
#ifndef Q_WS_WIN
  return ((int*)(&Q_WS_WIN))[argc];
#else
  (void)argc;
  return 0;
#endif
}

Determining if the Q_WS_QWS exist failed with the following output:
Change Dir: /home/lukasz/catkin_interfejs/build/CMakeFiles/CMakeTmp

Run Build Command:"/usr/bin/make" "cmTC_e2902/fast"
make[1]: Entering directory `/home/lukasz/catkin_interfejs/build/CMakeFiles/CMakeTmp'
/usr/bin/make -f CMakeFiles/cmTC_e2902.dir/build.make CMakeFiles/cmTC_e2902.dir/build
make[2]: Entering directory `/home/lukasz/catkin_interfejs/build/CMakeFiles/CMakeTmp'
Building CXX object CMakeFiles/cmTC_e2902.dir/CheckSymbolExists.cxx.o
/usr/bin/c++    -I/usr/include/qt4  -std=c++11    -o CMakeFiles/cmTC_e2902.dir/CheckSymbolExists.cxx.o -c /home/lukasz/catkin_interfejs/build/CMakeFiles/CMakeTmp/CheckSymbolExists.cxx
/home/lukasz/catkin_interfejs/build/CMakeFiles/CMakeTmp/CheckSymbolExists.cxx: In function 'int main(int, char**)':
/home/lukasz/catkin_interfejs/build/CMakeFiles/CMakeTmp/CheckSymbolExists.cxx:8:19: error: 'Q_WS_QWS' was not declared in this scope
   return ((int*)(&Q_WS_QWS))[argc];
                   ^
make[2]: *** [CMakeFiles/cmTC_e2902.dir/CheckSymbolExists.cxx.o] Error 1
make[2]: Leaving directory `/home/lukasz/catkin_interfejs/build/CMakeFiles/CMakeTmp'
make[1]: *** [cmTC_e2902/fast] Error 2
make[1]: Leaving directory `/home/lukasz/catkin_interfejs/build/CMakeFiles/CMakeTmp'

File /home/lukasz/catkin_interfejs/build/CMakeFiles/CMakeTmp/CheckSymbolExists.cxx:
/* */
#include <QtCore/qglobal.h>

int main(int argc, char** argv)
{
  (void)argv;
#ifndef Q_WS_QWS
  return ((int*)(&Q_WS_QWS))[argc];
#else
  (void)argc;
  return 0;
#endif
}

Determining if the Q_WS_MAC exist failed with the following output:
Change Dir: /home/lukasz/catkin_interfejs/build/CMakeFiles/CMakeTmp

Run Build Command:"/usr/bin/make" "cmTC_973f6/fast"
make[1]: Entering directory `/home/lukasz/catkin_interfejs/build/CMakeFiles/CMakeTmp'
/usr/bin/make -f CMakeFiles/cmTC_973f6.dir/build.make CMakeFiles/cmTC_973f6.dir/build
make[2]: Entering directory `/home/lukasz/catkin_interfejs/build/CMakeFiles/CMakeTmp'
Building CXX object CMakeFiles/cmTC_973f6.dir/CheckSymbolExists.cxx.o
/usr/bin/c++    -I/usr/include/qt4  -std=c++11    -o CMakeFiles/cmTC_973f6.dir/CheckSymbolExists.cxx.o -c /home/lukasz/catkin_interfejs/build/CMakeFiles/CMakeTmp/CheckSymbolExists.cxx
/home/lukasz/catkin_interfejs/build/CMakeFiles/CMakeTmp/CheckSymbolExists.cxx: In function 'int main(int, char**)':
/home/lukasz/catkin_interfejs/build/CMakeFiles/CMakeTmp/CheckSymbolExists.cxx:8:19: error: 'Q_WS_MAC' was not declared in this scope
   return ((int*)(&Q_WS_MAC))[argc];
                   ^
make[2]: *** [CMakeFiles/cmTC_973f6.dir/CheckSymbolExists.cxx.o] Error 1
make[2]: Leaving directory `/home/lukasz/catkin_interfejs/build/CMakeFiles/CMakeTmp'
make[1]: *** [cmTC_973f6/fast] Error 2
make[1]: Leaving directory `/home/lukasz/catkin_interfejs/build/CMakeFiles/CMakeTmp'

File /home/lukasz/catkin_interfejs/build/CMakeFiles/CMakeTmp/CheckSymbolExists.cxx:
/* */
#include <QtCore/qglobal.h>

int main(int argc, char** argv)
{
  (void)argv;
#ifndef Q_WS_MAC
  return ((int*)(&Q_WS_MAC))[argc];
#else
  (void)argc;
  return 0;
#endif
}

